hpctoolkit warning: executable '/home/spack/opt/spack/linux-ubuntu22.04-skylake/gcc-11.4.0/openmpi-4.1.6-2tkxt3wwvo44biiu5qwnvttb7w7dozrt/bin/orterun' (pid=14892) prematurely closed hpctoolkit's log file
hpctoolkit warning: executable '/home/spack/opt/spack/linux-ubuntu22.04-skylake/gcc-11.4.0/openmpi-4.1.6-2tkxt3wwvo44biiu5qwnvttb7w7dozrt/bin/orterun' (pid=14895) prematurely closed hpctoolkit's log file
Running with these driver parameters:
  solver ID    = 1

  Laplacian_27pt:
    (Nx, Ny, Nz) = (50, 100, 50)
    (Px, Py, Pz) = (1, 2, 1)

=============================================
Generate Matrix:
=============================================
Spatial Operator:
  wall clock time = 0.082124 seconds
  wall MFLOPS     = 0.000000
  cpu clock time  = 0.082046 seconds
  cpu MFLOPS      = 0.000000

  RHS vector has unit components
  Initial guess is 0
=============================================
IJ Vector Setup:
=============================================
RHS and Initial Guess:
  wall clock time = 0.002822 seconds
  wall MFLOPS     = 0.000000
  cpu clock time  = 0.002681 seconds
  cpu MFLOPS      = 0.000000

=============================================
Problem 1: AMG Setup Time:
=============================================
PCG Setup:
  wall clock time = 0.362843 seconds
  wall MFLOPS     = 0.000000
  cpu clock time  = 0.362844 seconds
  cpu MFLOPS      = 0.000000


FOM_Setup: nnz_AP / Setup Phase Time: 1.959528e+07

=============================================
Problem 1: AMG-PCG Solve Time:
=============================================
PCG Solve:
  wall clock time = 0.892327 seconds
  wall MFLOPS     = 0.000000
  cpu clock time  = 0.892292 seconds
  cpu MFLOPS      = 0.000000


Iterations = 20
Final Relative Residual Norm = 6.041399e-09


FOM_Solve: nnz_AP * Iterations / Solve Phase Time: 1.593588e+08



Figure of Merit (FOM_1): 1.244179e+08

