hpctoolkit warning: executable '/home/spack/opt/spack/linux-ubuntu22.04-skylake/gcc-11.4.0/openmpi-4.1.6-2tkxt3wwvo44biiu5qwnvttb7w7dozrt/bin/orterun' (pid=16009) prematurely closed hpctoolkit's log file
hpctoolkit warning: executable '/home/spack/opt/spack/linux-ubuntu22.04-skylake/gcc-11.4.0/openmpi-4.1.6-2tkxt3wwvo44biiu5qwnvttb7w7dozrt/bin/orterun' (pid=16014) prematurely closed hpctoolkit's log file
hpctoolkit warning: executable '/home/spack/opt/spack/linux-ubuntu22.04-skylake/gcc-11.4.0/openmpi-4.1.6-2tkxt3wwvo44biiu5qwnvttb7w7dozrt/bin/orterun' (pid=16001) prematurely closed hpctoolkit's log file
hpctoolkit warning: executable '/home/spack/opt/spack/linux-ubuntu22.04-skylake/gcc-11.4.0/openmpi-4.1.6-2tkxt3wwvo44biiu5qwnvttb7w7dozrt/bin/orterun' (pid=16004) prematurely closed hpctoolkit's log file
Running with these driver parameters:
  solver ID    = 1

  Laplacian_27pt:
    (Nx, Ny, Nz) = (50, 200, 50)
    (Px, Py, Pz) = (1, 4, 1)

=============================================
Generate Matrix:
=============================================
Spatial Operator:
  wall clock time = 0.182522 seconds
  wall MFLOPS     = 0.000000
  cpu clock time  = 0.281179 seconds
  cpu MFLOPS      = 0.000000

  RHS vector has unit components
  Initial guess is 0
=============================================
IJ Vector Setup:
=============================================
RHS and Initial Guess:
  wall clock time = 0.046197 seconds
  wall MFLOPS     = 0.000000
  cpu clock time  = 0.070791 seconds
  cpu MFLOPS      = 0.000000

=============================================
Problem 1: AMG Setup Time:
=============================================
PCG Setup:
  wall clock time = 9.527351 seconds
  wall MFLOPS     = 0.000000
  cpu clock time  = 14.859100 seconds
  cpu MFLOPS      = 0.000000


FOM_Setup: nnz_AP / Setup Phase Time: 1.497905e+06

=============================================
Problem 1: AMG-PCG Solve Time:
=============================================
PCG Solve:
  wall clock time = 40.225358 seconds
  wall MFLOPS     = 0.000000
  cpu clock time  = 61.279504 seconds
  cpu MFLOPS      = 0.000000


Iterations = 20
Final Relative Residual Norm = 7.658811e-09


FOM_Solve: nnz_AP * Iterations / Solve Phase Time: 7.095557e+06



Figure of Merit (FOM_1): 5.696144e+06

