hpctoolkit warning: executable '/home/spack/opt/spack/linux-ubuntu22.04-skylake/gcc-11.4.0/openmpi-4.1.6-2tkxt3wwvo44biiu5qwnvttb7w7dozrt/bin/orterun' (pid=12568) prematurely closed hpctoolkit's log file
hpctoolkit warning: executable '/home/spack/opt/spack/linux-ubuntu22.04-skylake/gcc-11.4.0/openmpi-4.1.6-2tkxt3wwvo44biiu5qwnvttb7w7dozrt/bin/orterun' (pid=12571) prematurely closed hpctoolkit's log file
Running with these driver parameters:
  solver ID    = 1

  Laplacian_27pt:
    (Nx, Ny, Nz) = (50, 100, 50)
    (Px, Py, Pz) = (1, 2, 1)

=============================================
Generate Matrix:
=============================================
Spatial Operator:
  wall clock time = 0.091534 seconds
  wall MFLOPS     = 0.000000
  cpu clock time  = 0.091284 seconds
  cpu MFLOPS      = 0.000000

  RHS vector has unit components
  Initial guess is 0
=============================================
IJ Vector Setup:
=============================================
RHS and Initial Guess:
  wall clock time = 0.002664 seconds
  wall MFLOPS     = 0.000000
  cpu clock time  = 0.002665 seconds
  cpu MFLOPS      = 0.000000

=============================================
Problem 1: AMG Setup Time:
=============================================
PCG Setup:
  wall clock time = 0.354264 seconds
  wall MFLOPS     = 0.000000
  cpu clock time  = 0.354252 seconds
  cpu MFLOPS      = 0.000000


FOM_Setup: nnz_AP / Setup Phase Time: 2.006979e+07

=============================================
Problem 1: AMG-PCG Solve Time:
=============================================
PCG Solve:
  wall clock time = 0.857407 seconds
  wall MFLOPS     = 0.000000
  cpu clock time  = 0.857304 seconds
  cpu MFLOPS      = 0.000000


Iterations = 20
Final Relative Residual Norm = 6.041399e-09


FOM_Solve: nnz_AP * Iterations / Solve Phase Time: 1.658490e+08



Figure of Merit (FOM_1): 1.294042e+08

