hpctoolkit warning: executable '/home/spack/opt/spack/linux-ubuntu22.04-skylake/gcc-11.4.0/openmpi-4.1.6-2tkxt3wwvo44biiu5qwnvttb7w7dozrt/bin/orterun' (pid=15427) prematurely closed hpctoolkit's log file
hpctoolkit warning: executable '/home/spack/opt/spack/linux-ubuntu22.04-skylake/gcc-11.4.0/openmpi-4.1.6-2tkxt3wwvo44biiu5qwnvttb7w7dozrt/bin/orterun' (pid=15430) prematurely closed hpctoolkit's log file
hpctoolkit warning: executable '/home/spack/opt/spack/linux-ubuntu22.04-skylake/gcc-11.4.0/openmpi-4.1.6-2tkxt3wwvo44biiu5qwnvttb7w7dozrt/bin/orterun' (pid=15435) prematurely closed hpctoolkit's log file
Running with these driver parameters:
  solver ID    = 1

  Laplacian_27pt:
    (Nx, Ny, Nz) = (50, 150, 50)
    (Px, Py, Pz) = (1, 3, 1)

=============================================
Generate Matrix:
=============================================
Spatial Operator:
  wall clock time = 0.148017 seconds
  wall MFLOPS     = 0.000000
  cpu clock time  = 0.285604 seconds
  cpu MFLOPS      = 0.000000

  RHS vector has unit components
  Initial guess is 0
=============================================
IJ Vector Setup:
=============================================
RHS and Initial Guess:
  wall clock time = 0.030659 seconds
  wall MFLOPS     = 0.000000
  cpu clock time  = 0.049657 seconds
  cpu MFLOPS      = 0.000000

=============================================
Problem 1: AMG Setup Time:
=============================================
PCG Setup:
  wall clock time = 2.521872 seconds
  wall MFLOPS     = 0.000000
  cpu clock time  = 5.141447 seconds
  cpu MFLOPS      = 0.000000


FOM_Setup: nnz_AP / Setup Phase Time: 4.239302e+06

=============================================
Problem 1: AMG-PCG Solve Time:
=============================================
PCG Solve:
  wall clock time = 9.133222 seconds
  wall MFLOPS     = 0.000000
  cpu clock time  = 18.584846 seconds
  cpu MFLOPS      = 0.000000


Iterations = 20
Final Relative Residual Norm = 7.664086e-09


FOM_Solve: nnz_AP * Iterations / Solve Phase Time: 2.341119e+07



Figure of Merit (FOM_1): 1.861822e+07

