hpctoolkit warning: executable '/home/spack/opt/spack/linux-ubuntu22.04-skylake/gcc-11.4.0/openmpi-4.1.6-2tkxt3wwvo44biiu5qwnvttb7w7dozrt/bin/orterun' (pid=13806) prematurely closed hpctoolkit's log file
hpctoolkit warning: executable '/home/spack/opt/spack/linux-ubuntu22.04-skylake/gcc-11.4.0/openmpi-4.1.6-2tkxt3wwvo44biiu5qwnvttb7w7dozrt/bin/orterun' (pid=13793) prematurely closed hpctoolkit's log file
hpctoolkit warning: executable '/home/spack/opt/spack/linux-ubuntu22.04-skylake/gcc-11.4.0/openmpi-4.1.6-2tkxt3wwvo44biiu5qwnvttb7w7dozrt/bin/orterun' (pid=13796) prematurely closed hpctoolkit's log file
hpctoolkit warning: executable '/home/spack/opt/spack/linux-ubuntu22.04-skylake/gcc-11.4.0/openmpi-4.1.6-2tkxt3wwvo44biiu5qwnvttb7w7dozrt/bin/orterun' (pid=13801) prematurely closed hpctoolkit's log file
Running with these driver parameters:
  solver ID    = 1

  Laplacian_27pt:
    (Nx, Ny, Nz) = (50, 200, 50)
    (Px, Py, Pz) = (1, 4, 1)

=============================================
Generate Matrix:
=============================================
Spatial Operator:
  wall clock time = 0.175654 seconds
  wall MFLOPS     = 0.000000
  cpu clock time  = 0.237334 seconds
  cpu MFLOPS      = 0.000000

  RHS vector has unit components
  Initial guess is 0
=============================================
IJ Vector Setup:
=============================================
RHS and Initial Guess:
  wall clock time = 0.018429 seconds
  wall MFLOPS     = 0.000000
  cpu clock time  = 0.007559 seconds
  cpu MFLOPS      = 0.000000

=============================================
Problem 1: AMG Setup Time:
=============================================
PCG Setup:
  wall clock time = 1.840497 seconds
  wall MFLOPS     = 0.000000
  cpu clock time  = 2.842951 seconds
  cpu MFLOPS      = 0.000000


FOM_Setup: nnz_AP / Setup Phase Time: 7.753920e+06

=============================================
Problem 1: AMG-PCG Solve Time:
=============================================
PCG Solve:
  wall clock time = 5.814596 seconds
  wall MFLOPS     = 0.000000
  cpu clock time  = 9.108318 seconds
  cpu MFLOPS      = 0.000000


Iterations = 20
Final Relative Residual Norm = 7.658811e-09


FOM_Solve: nnz_AP * Iterations / Solve Phase Time: 4.908704e+07



Figure of Merit (FOM_1): 3.875376e+07

